nz.asm(39) : Error A2209: Syntax error: bits
nz.asm(42) : Error A2209: Syntax error: global
nz.asm(43) : Error A2209: Syntax error: global
nz.asm(46) : Error A2209: Syntax error: struc
nz.asm(47) : Error A2209: Syntax error: _edi
nz.asm(48) : Error A2209: Syntax error: _esi
nz.asm(49) : Error A2209: Syntax error: _ebp
nz.asm(50) : Error A2209: Syntax error: _esp
nz.asm(51) : Error A2209: Syntax error: _ebx
nz.asm(52) : Error A2209: Syntax error: _edx
nz.asm(53) : Error A2209: Syntax error: _ecx
nz.asm(54) : Error A2209: Syntax error: _eax
nz.asm(55) : Error A2209: Syntax error: .
nz.asm(56) : Error A2209: Syntax error: endstruc
nz.asm(58) : Error A2209: Syntax error: define
nz.asm(59) : Error A2209: Syntax error: define
nz.asm(60) : Error A2209: Syntax error: define
nz.asm(61) : Error A2209: Syntax error: define
nz.asm(63) : Error A2082: Must be in segment block
nz.asm(64) : Error A2082: Must be in segment block
nz.asm(65) : Error A2082: Must be in segment block
nz.asm(66) : Error A2082: Must be in segment block
nz.asm(67) : Error A2082: Must be in segment block
nz.asm(68) : Error A2082: Must be in segment block
nz.asm(69) : Error A2082: Must be in segment block
nz.asm(70) : Error A2082: Must be in segment block
nz.asm(71) : Error A2082: Must be in segment block
nz.asm(72) : Error A2082: Must be in segment block
nz.asm(73) : Error A2082: Must be in segment block
nz.asm(74) : Error A2082: Must be in segment block
nz.asm(75) : Error A2082: Must be in segment block
nz.asm(77) : Error A2082: Must be in segment block
nz.asm(79) : Error A2082: Must be in segment block
nz.asm(80) : Error A2082: Must be in segment block
nz.asm(81) : Error A2082: Must be in segment block
nz.asm(82) : Error A2082: Must be in segment block
nz.asm(83) : Error A2082: Must be in segment block
nz.asm(84) : Error A2082: Must be in segment block
nz.asm(85) : Error A2082: Must be in segment block
nz.asm(86) : Error A2082: Must be in segment block
nz.asm(87) : Error A2082: Must be in segment block
nz.asm(88) : Error A2082: Must be in segment block
nz.asm(89) : Error A2082: Must be in segment block
nz.asm(90) : Error A2082: Must be in segment block
nz.asm(91) : Error A2082: Must be in segment block
nz.asm(92) : Error A2082: Must be in segment block
nz.asm(93) : Error A2082: Must be in segment block
nz.asm(94) : Error A2082: Must be in segment block
nz.asm(95) : Error A2082: Must be in segment block
nz.asm(96) : Error A2082: Must be in segment block
nz.asm(97) : Error A2082: Must be in segment block
nz.asm(97) : Fatal error A1113: Too many errors
